TN:
SF:src/IPC.js
FN:7,IPC
FN:12,<instance_members_initializer>
FN:17,connectTo
FN:66,disconnect
FN:82,serve
FN:111,get log
FN:118,log
FN:142,emptyCallback
FNF:8
FNH:6
FNDA:4,IPC
FNDA:4,<instance_members_initializer>
FNDA:2,connectTo
FNDA:0,disconnect
FNDA:2,serve
FNDA:5,get log
FNDA:63,log
FNDA:0,emptyCallback
DA:1,3
DA:2,3
DA:3,3
DA:4,3
DA:5,3
DA:6,3
DA:7,3
DA:8,4
DA:9,4
DA:10,3
DA:11,3
DA:12,3
DA:13,4
DA:14,3
DA:15,3
DA:16,3
DA:17,3
DA:18,2
DA:19,1
DA:20,1
DA:21,1
DA:22,2
DA:23,2
DA:24,0
DA:25,0
DA:26,2
DA:27,2
DA:28,0
DA:29,0
DA:30,0
DA:31,0
DA:32,0
DA:33,0
DA:34,2
DA:35,2
DA:36,1
DA:37,1
DA:38,1
DA:39,1
DA:40,1
DA:41,1
DA:42,1
DA:43,2
DA:44,2
DA:45,0
DA:46,0
DA:47,0
DA:48,0
DA:49,0
DA:50,0
DA:51,0
DA:52,0
DA:53,0
DA:54,0
DA:55,0
DA:56,2
DA:57,2
DA:58,2
DA:59,2
DA:60,2
DA:61,2
DA:62,2
DA:63,2
DA:64,2
DA:65,2
DA:66,3
DA:67,0
DA:68,0
DA:69,0
DA:70,0
DA:71,0
DA:72,0
DA:73,0
DA:74,0
DA:75,0
DA:76,0
DA:77,0
DA:78,0
DA:79,0
DA:80,0
DA:81,0
DA:82,3
DA:83,2
DA:84,2
DA:85,2
DA:86,2
DA:87,2
DA:88,2
DA:89,2
DA:90,2
DA:91,2
DA:92,2
DA:93,2
DA:94,2
DA:95,2
DA:96,2
DA:97,0
DA:98,0
DA:99,2
DA:100,2
DA:101,2
DA:102,2
DA:103,2
DA:104,2
DA:105,2
DA:106,2
DA:107,2
DA:108,2
DA:109,2
DA:110,2
DA:111,3
DA:112,5
DA:113,5
DA:114,3
DA:115,3
DA:116,3
DA:117,3
DA:118,63
DA:119,63
DA:120,42
DA:121,42
DA:122,21
DA:123,48
DA:124,67
DA:125,61
DA:126,61
DA:127,6
DA:128,6
DA:129,6
DA:130,6
DA:131,6
DA:132,6
DA:133,6
DA:134,6
DA:135,6
DA:136,21
DA:137,21
DA:138,21
DA:139,21
DA:140,63
DA:141,3
DA:142,0
DA:143,0
DA:144,0
DA:145,3
DA:146,3
DA:147,3
DA:148,3
DA:149,3
LF:149
LH:110
BRDA:1,0,0,3
BRDA:7,1,0,4
BRDA:12,2,0,4
BRDA:17,3,0,2
BRDA:18,4,0,1
BRDA:23,5,0,0
BRDA:27,6,0,0
BRDA:35,7,0,1
BRDA:44,8,0,0
BRDA:59,9,0,0
BRDA:82,10,0,2
BRDA:96,11,0,0
BRDA:111,12,0,5
BRDA:118,13,0,63
BRDA:119,14,0,42
BRDA:122,15,0,48
BRDA:122,16,0,21
BRDA:123,17,0,67
BRDA:124,18,0,61
BRDA:127,19,0,6
BRDA:136,20,0,21
BRF:21
BRH:16
end_of_record
TN:
SF:src/dao/client.js
FN:10,Client
FN:21,<instance_members_initializer>
FN:30,emit
FN:55,syncEmit
FN:60,connect
FN:97,connectionMade
FN:106,connectionClosed
FN:132,retryTimeout
FNF:8
FNH:8
FNDA:2,Client
FNDA:2,<instance_members_initializer>
FNDA:8,emit
FNDA:6,syncEmit
FNDA:3,connect
FNDA:2,connectionMade
FNDA:3,connectionClosed
FNDA:1,retryTimeout
DA:1,3
DA:2,3
DA:3,3
DA:4,3
DA:5,3
DA:6,3
DA:7,3
DA:8,3
DA:9,3
DA:10,3
DA:11,2
DA:12,2
DA:13,2
DA:14,2
DA:15,2
DA:16,2
DA:17,2
DA:18,2
DA:19,2
DA:20,3
DA:21,3
DA:22,2
DA:23,2
DA:24,2
DA:25,2
DA:26,2
DA:27,3
DA:28,3
DA:29,3
DA:30,8
DA:31,8
DA:32,8
DA:33,8
DA:34,8
DA:35,8
DA:36,8
DA:37,8
DA:38,0
DA:39,8
DA:40,8
DA:41,8
DA:42,8
DA:43,8
DA:44,8
DA:45,2
DA:46,2
DA:47,2
DA:48,6
DA:49,6
DA:50,6
DA:51,6
DA:52,6
DA:53,8
DA:54,3
DA:55,6
DA:56,6
DA:57,6
DA:58,6
DA:59,3
DA:60,3
DA:61,3
DA:62,3
DA:63,3
DA:64,3
DA:65,3
DA:66,0
DA:67,0
DA:68,0
DA:69,3
DA:70,3
DA:71,3
DA:72,3
DA:73,3
DA:74,3
DA:75,3
DA:76,3
DA:77,0
DA:78,0
DA:79,0
DA:80,0
DA:81,3
DA:82,3
DA:83,3
DA:84,3
DA:85,3
DA:86,3
DA:87,3
DA:88,3
DA:89,1
DA:90,1
DA:91,1
DA:92,1
DA:93,3
DA:94,3
DA:95,3
DA:96,3
DA:97,3
DA:98,2
DA:99,2
DA:100,2
DA:101,2
DA:102,3
DA:103,3
DA:104,3
DA:105,3
DA:106,3
DA:107,3
DA:108,3
DA:109,3
DA:110,3
DA:111,3
DA:112,3
DA:113,3
DA:114,1
DA:115,3
DA:116,3
DA:117,2
DA:118,2
DA:119,2
DA:120,2
DA:121,2
DA:122,2
DA:123,2
DA:124,2
DA:125,2
DA:126,2
DA:127,2
DA:128,2
DA:129,2
DA:130,1
DA:131,1
DA:132,1
DA:133,1
DA:134,0
DA:135,0
DA:136,1
DA:137,1
DA:138,1
DA:139,1
DA:140,1
DA:141,1
DA:142,1
DA:143,3
DA:144,3
DA:145,3
DA:146,3
DA:147,3
DA:148,3
DA:149,6
DA:150,6
DA:151,0
DA:152,0
DA:153,0
DA:154,0
DA:155,0
DA:156,0
DA:157,0
DA:158,0
DA:159,0
DA:160,0
DA:161,0
DA:162,6
DA:163,6
DA:164,6
DA:165,6
DA:166,6
DA:167,6
DA:168,6
DA:169,6
DA:170,0
DA:171,0
DA:172,0
DA:173,6
DA:174,6
DA:175,6
DA:176,6
DA:177,6
DA:178,6
DA:179,6
DA:180,6
DA:181,6
DA:182,6
DA:183,6
DA:184,6
DA:185,6
DA:186,6
DA:187,6
DA:188,6
DA:189,6
DA:190,1
DA:191,1
DA:192,5
DA:193,5
DA:194,6
DA:195,3
DA:196,3
DA:197,3
DA:198,3
DA:199,3
DA:200,3
DA:201,3
LF:201
LH:177
BRDA:1,0,0,3
BRDA:10,1,0,2
BRDA:16,2,0,0
BRDA:21,3,0,2
BRDA:30,4,0,8
BRDA:37,5,0,0
BRDA:44,6,0,2
BRDA:48,7,0,6
BRDA:55,8,0,6
BRDA:60,9,0,3
BRDA:65,10,0,0
BRDA:76,11,0,0
BRDA:76,12,0,0
BRDA:88,13,0,1
BRDA:97,14,0,2
BRDA:106,15,0,3
BRDA:112,16,0,1
BRDA:113,17,0,1
BRDA:116,18,0,2
BRDA:130,19,0,1
BRDA:132,20,0,1
BRDA:133,21,0,0
BRDA:148,22,0,6
BRDA:150,23,0,0
BRDA:169,24,0,0
BRDA:189,25,0,1
BRDA:192,26,0,5
BRF:27
BRH:19
end_of_record
TN:
SF:src/dao/socketServer.js
FN:11,Server
FN:27,<instance_members_initializer>
FN:32,onStart
FN:39,stop
FN:43,start
FN:60,emit
FN:77,broadcast
FN:94,serverClosed
FN:123,gotData
FN:169,socketClosed
FN:176,serverCreated
FN:232,startServer
FNF:12
FNH:8
FNDA:2,Server
FNDA:2,<instance_members_initializer>
FNDA:2,onStart
FNDA:0,stop
FNDA:2,start
FNDA:6,emit
FNDA:0,broadcast
FNDA:0,serverClosed
FNDA:8,gotData
FNDA:0,socketClosed
FNDA:2,serverCreated
FNDA:2,startServer
DA:1,1
DA:2,3
DA:3,3
DA:4,3
DA:5,3
DA:6,3
DA:7,3
DA:8,3
DA:9,3
DA:10,3
DA:11,3
DA:12,2
DA:13,2
DA:14,2
DA:15,2
DA:16,2
DA:17,2
DA:18,2
DA:19,2
DA:20,2
DA:21,2
DA:22,2
DA:23,2
DA:24,2
DA:25,2
DA:26,3
DA:27,3
DA:28,2
DA:29,2
DA:30,3
DA:31,3
DA:32,3
DA:33,2
DA:34,2
DA:35,2
DA:36,2
DA:37,2
DA:38,3
DA:39,3
DA:40,0
DA:41,0
DA:42,3
DA:43,3
DA:44,2
DA:45,0
DA:46,0
DA:47,0
DA:48,2
DA:49,2
DA:50,2
DA:51,2
DA:52,2
DA:53,2
DA:54,2
DA:55,0
DA:56,0
DA:57,2
DA:58,3
DA:59,3
DA:60,6
DA:61,6
DA:62,6
DA:63,6
DA:64,6
DA:65,6
DA:66,6
DA:67,6
DA:68,0
DA:69,0
DA:70,6
DA:71,6
DA:72,6
DA:73,6
DA:74,6
DA:75,6
DA:76,3
DA:77,0
DA:78,0
DA:79,0
DA:80,0
DA:81,0
DA:82,0
DA:83,0
DA:84,0
DA:85,0
DA:86,0
DA:87,0
DA:88,0
DA:89,0
DA:90,0
DA:91,0
DA:92,0
DA:93,3
DA:94,0
DA:95,0
DA:96,0
DA:97,0
DA:98,0
DA:99,0
DA:100,0
DA:101,0
DA:102,0
DA:103,0
DA:104,0
DA:105,0
DA:106,0
DA:107,0
DA:108,0
DA:109,0
DA:110,0
DA:111,0
DA:112,0
DA:113,0
DA:114,0
DA:115,0
DA:116,0
DA:117,0
DA:118,0
DA:119,0
DA:120,0
DA:121,0
DA:122,3
DA:123,8
DA:124,8
DA:125,8
DA:126,0
DA:127,0
DA:128,0
DA:129,0
DA:130,0
DA:131,0
DA:132,0
DA:133,0
DA:134,8
DA:135,8
DA:136,8
DA:137,8
DA:138,8
DA:139,8
DA:140,8
DA:141,8
DA:142,0
DA:143,0
DA:144,0
DA:145,8
DA:146,8
DA:147,8
DA:148,8
DA:149,8
DA:150,8
DA:151,8
DA:152,8
DA:153,8
DA:154,8
DA:155,8
DA:156,6
DA:157,6
DA:158,8
DA:159,8
DA:160,8
DA:161,8
DA:162,8
DA:163,8
DA:164,8
DA:165,8
DA:166,8
DA:167,8
DA:168,3
DA:169,0
DA:170,0
DA:171,0
DA:172,0
DA:173,0
DA:174,0
DA:175,3
DA:176,2
DA:177,2
DA:178,2
DA:179,2
DA:180,2
DA:181,2
DA:182,2
DA:183,2
DA:184,2
DA:185,2
DA:186,2
DA:187,2
DA:188,2
DA:189,2
DA:190,2
DA:191,2
DA:192,0
DA:193,0
DA:194,0
DA:195,2
DA:196,2
DA:197,2
DA:198,2
DA:199,2
DA:200,2
DA:201,2
DA:202,2
DA:203,2
DA:204,2
DA:205,2
DA:206,0
DA:207,0
DA:208,0
DA:209,0
DA:210,0
DA:211,0
DA:212,0
DA:213,0
DA:214,0
DA:215,0
DA:216,0
DA:217,0
DA:218,0
DA:219,2
DA:220,2
DA:221,2
DA:222,2
DA:223,2
DA:224,2
DA:225,2
DA:226,2
DA:227,2
DA:228,0
DA:229,0
DA:230,2
DA:231,3
DA:232,2
DA:233,2
DA:234,2
DA:235,2
DA:236,2
DA:237,2
DA:238,2
DA:239,2
DA:240,2
DA:241,2
DA:242,2
DA:243,2
DA:244,0
DA:245,0
DA:246,0
DA:247,0
DA:248,0
DA:249,0
DA:250,2
DA:251,2
DA:252,2
DA:253,2
DA:254,2
DA:255,2
DA:256,2
DA:257,0
DA:258,0
DA:259,0
DA:260,0
DA:261,2
DA:262,2
DA:263,2
DA:264,2
DA:265,2
DA:266,2
DA:267,2
DA:268,2
DA:269,2
DA:270,3
DA:271,3
DA:272,3
DA:273,3
DA:274,3
LF:274
LH:176
BRDA:2,0,0,3
BRDA:11,1,0,2
BRDA:27,2,0,2
BRDA:32,3,0,2
BRDA:43,4,0,2
BRDA:44,5,0,0
BRDA:54,6,0,0
BRDA:60,7,0,6
BRDA:67,8,0,0
BRDA:123,9,0,8
BRDA:125,10,0,0
BRDA:141,11,0,0
BRDA:155,12,0,6
BRDA:176,13,0,2
BRDA:227,14,0,0
BRDA:232,15,0,2
BRDA:256,16,0,0
BRF:17
BRH:10
end_of_record
TN:
SF:src/entities/Defaults.js
FN:5,Defaults
FN:9,<instance_members_initializer>
FNF:2
FNH:2
FNDA:10,Defaults
FNDA:10,<instance_members_initializer>
DA:1,3
DA:2,3
DA:3,3
DA:4,3
DA:5,3
DA:6,10
DA:7,10
DA:8,3
DA:9,3
DA:10,10
DA:11,10
DA:12,10
DA:13,10
DA:14,10
DA:15,10
DA:16,10
DA:17,10
DA:18,10
DA:19,10
DA:20,10
DA:21,10
DA:22,10
DA:23,10
DA:24,10
DA:25,10
DA:26,10
DA:27,10
DA:28,10
DA:29,10
DA:30,10
DA:31,3
DA:32,3
DA:33,3
DA:34,3
DA:35,3
DA:36,3
DA:37,3
LF:37
LH:37
BRDA:1,0,0,3
BRDA:5,1,0,10
BRDA:9,2,0,10
BRF:3
BRH:3
end_of_record
TN:
SF:src/entities/EventParser.js
FN:5,Parser
FN:12,format
FN:24,parse
FNF:3
FNH:3
FNDA:10,Parser
FNDA:14,format
FNDA:14,parse
DA:1,1
DA:2,3
DA:3,3
DA:4,3
DA:5,3
DA:6,10
DA:7,6
DA:8,6
DA:9,10
DA:10,10
DA:11,3
DA:12,3
DA:13,14
DA:14,2
DA:15,2
DA:16,14
DA:17,0
DA:18,0
DA:19,14
DA:20,14
DA:21,14
DA:22,14
DA:23,3
DA:24,3
DA:25,14
DA:26,14
DA:27,14
DA:28,14
DA:29,3
DA:30,3
DA:31,3
DA:32,3
DA:33,3
DA:34,3
LF:34
LH:32
BRDA:2,0,0,3
BRDA:5,1,0,10
BRDA:6,2,0,6
BRDA:12,3,0,14
BRDA:13,4,0,2
BRDA:13,5,0,2
BRDA:13,6,0,2
BRDA:16,7,0,0
BRDA:24,8,0,14
BRF:9
BRH:8
end_of_record
